[debug] [2017-12-02T08:10:48.730Z] ----------------------------------------------------------------------
[debug] [2017-12-02T08:10:48.732Z] Command:       C:\Program Files\nodejs\node.exe C:\Users\Devehab\AppData\Roaming\npm\node_modules\firebase-tools\bin\firebase deploy
[debug] [2017-12-02T08:10:48.733Z] CLI Version:   3.14.0
[debug] [2017-12-02T08:10:48.733Z] Platform:      win32
[debug] [2017-12-02T08:10:48.733Z] Node Version:  v8.9.0
[debug] [2017-12-02T08:10:48.734Z] Time:          Sat Dec 02 2017 10:10:48 GMT+0200 (Jordan Standard Time)
[debug] [2017-12-02T08:10:48.734Z] ----------------------------------------------------------------------
[debug] 
[debug] [2017-12-02T08:10:48.750Z] > command requires scopes: ["email","openid","https://www.googleapis.com/auth/cloudplatformprojects.readonly","https://www.googleapis.com/auth/firebase","https://www.googleapis.com/auth/cloud-platform"]
[debug] [2017-12-02T08:10:48.751Z] > authorizing via signed-in user
[debug] [2017-12-02T08:10:48.753Z] > refreshing access token with scopes: ["email","https://www.googleapis.com/auth/cloud-platform","https://www.googleapis.com/auth/cloudplatformprojects.readonly","https://www.googleapis.com/auth/firebase","openid"]
[debug] [2017-12-02T08:10:48.753Z] >>> HTTP REQUEST POST https://www.googleapis.com/oauth2/v3/token { refresh_token: '1/5VcdkPylm8ZROQyPC2q4XrMMBkySGJq9jwNRywYqlf8',
  client_id: '563584335869-fgrhgmd47bqnekij5i8b5pr03ho849e6.apps.googleusercontent.com',
  client_secret: 'j9iVZfS8kkCEFUPaAeJV0sAi',
  grant_type: 'refresh_token',
  scope: 'email https://www.googleapis.com/auth/cloud-platform https://www.googleapis.com/auth/cloudplatformprojects.readonly https://www.googleapis.com/auth/firebase openid' } 
 Sat Dec 02 2017 10:10:48 GMT+0200 (Jordan Standard Time)
[debug] [2017-12-02T08:10:49.691Z] <<< HTTP RESPONSE 200
[debug] [2017-12-02T08:10:49.763Z] >>> HTTP REQUEST GET https://admin.firebase.com/v1/projects/system-atched  
 Sat Dec 02 2017 10:10:49 GMT+0200 (Jordan Standard Time)
[debug] [2017-12-02T08:10:51.899Z] <<< HTTP RESPONSE 200
[debug] [2017-12-02T08:10:51.900Z] >>> HTTP REQUEST GET https://admin.firebase.com/v1/database/system-atched/tokens  
 Sat Dec 02 2017 10:10:51 GMT+0200 (Jordan Standard Time)
[debug] [2017-12-02T08:10:53.083Z] <<< HTTP RESPONSE 200
[info] 3
[info] 
[info] === Deploying to 'system-atched'...
[info] 
[info] i  deploying database, functions, hosting
[info] i  database: checking rules syntax...
[debug] [2017-12-02T08:10:55.054Z] >>> HTTP REQUEST PUT https://system-atched.firebaseio.com/.settings/rules.json?dryRun=true // These rules give anyone, even people who are not users of your app,
// read and write access to your database
{
  "rules": {
    ".read": true,
    ".write": true
  }
} 
 Sat Dec 02 2017 10:10:55 GMT+0200 (Jordan Standard Time)
[debug] [2017-12-02T08:10:56.563Z] <<< HTTP RESPONSE 200
[info] +  database: rules syntax is valid
[debug] [2017-12-02T08:10:56.579Z] > [functions] package.json contents: {
  "name": "functions",
  "description": "Cloud Functions for Firebase",
  "scripts": {
    "serve": "firebase serve --only functions",
    "shell": "firebase experimental:functions:shell",
    "start": "npm run shell",
    "deploy": "firebase deploy --only functions",
    "logs": "firebase functions:log"
  },
  "dependencies": {
    "firebase-admin": "~5.4.2",
    "firebase-functions": "^0.7.1"
  },
  "private": true
}
[info] i  functions: ensuring necessary APIs are enabled...
[info] i  runtimeconfig: ensuring necessary APIs are enabled...
[debug] [2017-12-02T08:10:56.595Z] >>> HTTP REQUEST GET https://servicemanagement.googleapis.com/v1/services/cloudfunctions.googleapis.com/projectSettings/system-atched?view=CONSUMER_VIEW  
 Sat Dec 02 2017 10:10:56 GMT+0200 (Jordan Standard Time)
[debug] [2017-12-02T08:10:56.597Z] >>> HTTP REQUEST GET https://servicemanagement.googleapis.com/v1/services/runtimeconfig.googleapis.com/projectSettings/system-atched?view=CONSUMER_VIEW  
 Sat Dec 02 2017 10:10:56 GMT+0200 (Jordan Standard Time)
[debug] [2017-12-02T08:10:58.445Z] <<< HTTP RESPONSE 200
[info] +  runtimeconfig: all necessary APIs are enabled
[debug] [2017-12-02T08:10:58.641Z] <<< HTTP RESPONSE 200
[info] +  functions: all necessary APIs are enabled
[debug] [2017-12-02T08:10:58.646Z] >>> HTTP REQUEST GET https://appengine.googleapis.com/v1/apps/system-atched  
 Sat Dec 02 2017 10:10:58 GMT+0200 (Jordan Standard Time)
[debug] [2017-12-02T08:10:58.646Z] >>> HTTP REQUEST GET https://apikeys.googleapis.com/v1/projects/system-atched/apiKeys  
 Sat Dec 02 2017 10:10:58 GMT+0200 (Jordan Standard Time)
[debug] [2017-12-02T08:11:00.283Z] <<< HTTP RESPONSE 200
[debug] [2017-12-02T08:11:00.461Z] <<< HTTP RESPONSE 200
